


ARM Macro Assembler    Page 1 


    1 00000000                 AREA             RESET, DATA, READONLY
    2 00000000                 EXPORT           __Vectors
    3 00000000         
    4 00000000         __Vectors
    5 00000000 40001000        DCD              0x40001000  ; stack pointer val
                                                            ue when stack is em
                                                            pty
    6 00000004 00000000        DCD              Reset_Handler ; reset vector
    7 00000008         
    8 00000008                 ALIGN
    9 00000008         
   10 00000008                 AREA             mycode, CODE, READONLY
   11 00000000                 ENTRY
   12 00000000                 EXPORT           Reset_Handler
   13 00000000         
   14 00000000         Reset_Handler
   15 00000000         
   16 00000000 F06F 0003       MOV              R0, #-4
   17 00000004 F04F 0103       mov              r1,# 3
   18 00000008 F06F 0202       mov              r2,#-3
   19 0000000C F04F 33FF       mov              r3, # -1
   20 00000010 F2C0 0450       MOVT             r4,#0x50
   21 00000014 F245 6578       MOVW             R5,#0X00005678
   22 00000018 FB80 6701       SMULL            R6,R7,R0,R1
   23 0000001C         
   24 0000001C FBC0 2301       smlal            r2,r3,r0,r1
   25 00000020 EA6F 0202       mvn              r2,r2
   26 00000024 F102 0201       add              r2,r2,#1
   27 00000028 EA4F 0232 
                       up      rrx              r2,r2
   28 0000002C F012 0F01       tst              r2,#1
   29 00000030 F103 0301       add              r3,r3,#1
   30 00000034 D1F8            bne              up
   31 00000036                 end
Command Line: --debug --xref --cpu=Cortex-M3 --apcs=interwork --depend=.\1-16-b
it-data-transfer.d -o.\1-16-bit-data-transfer.o -IC:\Keil\ARM\RV31\INC -IC:\Kei
l\ARM\CMSIS\Include -IC:\Keil\ARM\Inc\NXP\LPC17xx --predefine="__EVAL SETA 1" -
-list=.\1-16-bit-data-transfer.lst 1-16-bit-data-transfer.s



ARM Macro Assembler    Page 1 Alphabetic symbol ordering
Relocatable symbols

RESET 00000000

Symbol: RESET
   Definitions
      At line 1 in file 1-16-bit-data-transfer.s
   Uses
      None
Comment: RESET unused
__Vectors 00000000

Symbol: __Vectors
   Definitions
      At line 4 in file 1-16-bit-data-transfer.s
   Uses
      At line 2 in file 1-16-bit-data-transfer.s
Comment: __Vectors used once
2 symbols



ARM Macro Assembler    Page 1 Alphabetic symbol ordering
Relocatable symbols

Reset_Handler 00000000

Symbol: Reset_Handler
   Definitions
      At line 14 in file 1-16-bit-data-transfer.s
   Uses
      At line 6 in file 1-16-bit-data-transfer.s
      At line 12 in file 1-16-bit-data-transfer.s

mycode 00000000

Symbol: mycode
   Definitions
      At line 10 in file 1-16-bit-data-transfer.s
   Uses
      None
Comment: mycode unused
up 00000028

Symbol: up
   Definitions
      At line 27 in file 1-16-bit-data-transfer.s
   Uses
      At line 30 in file 1-16-bit-data-transfer.s
Comment: up used once
3 symbols
336 symbols in table
