


ARM Macro Assembler    Page 1 


    1 00000000         ; Write a program to add two 32 bit numbers
    2 00000000         
    3 00000000                 AREA             RESET, DATA, READONLY
    4 00000000                 EXPORT           __Vectors
    5 00000000         
    6 00000000         __Vectors
    7 00000000 100000FF        DCD              0x100000FF  ; stack pointer val
                                                            ue when stack is em
                                                            pty
    8 00000004 00000000        DCD              Reset_Handler ; reset vector
    9 00000008         
   10 00000008                 ALIGN
   11 00000008         
   12 00000008                 AREA             mycode, CODE, READONLY
   13 00000000                 EXPORT           Reset_Handler
   14 00000000                 ENTRY
   15 00000000         Reset_Handler
   16 00000000         
   17 00000000 4805            LDR              R0, =VALUE1 ;pointer to the fir
                                                            st value1
   18 00000002 6801            LDR              R1,[R0]     ;load the first val
                                                            ue into R1
   19 00000004 4805            LDR              R0,=VALUE2  ;pointer to the sec
                                                            ond value
   20 00000006 6803            LDR              R3, [R0]    ;load  second numbe
                                                            r into r3
   21 00000008 18CE            ADDS             R6, R1,R3   ;add two numbers an
                                                            d store the result 
                                                            in r6
   22 0000000A 4A05            LDR              R2, =RESULT
   23 0000000C 6016            STR              R6,[R2]     ; ; CY IS NOT STORE
                                                            D IN MEMORY
   24 0000000E         
   25 0000000E         STOP
   26 0000000E E7FE            B                STOP
   27 00000010         
   28 00000010 FFFFFFFF 
                       VALUE1  DCD              0XFFFFFFFF
   29 00000014         ;VALUE1 DCD 0X12345678 ; First 32 bit number TRY = 0XFFF
                       FFFFF
   30 00000014 ABCDEF12 
                       VALUE2  DCD              0XABCDEF12  ; Second 32 bit num
                                                            ber 
   31 00000018         
   32 00000018 00000000 
              00000000 
              00000000         AREA             data, DATA, READWRITE
   33 00000000 00000000 
                       RESULT  DCD              0
   34 00000004         
   35 00000004                 END
Command Line: --debug --xref --cpu=Cortex-M3 --apcs=interwork --depend=.\add-2-
32-bit-numbers.d -o.\add-2-32-bit-numbers.o -IC:\Keil\ARM\RV31\INC -IC:\Keil\AR
M\CMSIS\Include -IC:\Keil\ARM\Inc\NXP\LPC17xx --predefine="__EVAL SETA 1" --lis
t=.\add-2-32-bit-numbers.lst add-2-32-bit-numbers.s



ARM Macro Assembler    Page 1 Alphabetic symbol ordering
Relocatable symbols

RESET 00000000

Symbol: RESET
   Definitions
      At line 3 in file add-2-32-bit-numbers.s
   Uses
      None
Comment: RESET unused
__Vectors 00000000

Symbol: __Vectors
   Definitions
      At line 6 in file add-2-32-bit-numbers.s
   Uses
      At line 4 in file add-2-32-bit-numbers.s
Comment: __Vectors used once
2 symbols



ARM Macro Assembler    Page 1 Alphabetic symbol ordering
Relocatable symbols

Reset_Handler 00000000

Symbol: Reset_Handler
   Definitions
      At line 15 in file add-2-32-bit-numbers.s
   Uses
      At line 8 in file add-2-32-bit-numbers.s
      At line 13 in file add-2-32-bit-numbers.s

STOP 0000000E

Symbol: STOP
   Definitions
      At line 25 in file add-2-32-bit-numbers.s
   Uses
      At line 26 in file add-2-32-bit-numbers.s
Comment: STOP used once
VALUE1 00000010

Symbol: VALUE1
   Definitions
      At line 28 in file add-2-32-bit-numbers.s
   Uses
      At line 17 in file add-2-32-bit-numbers.s
Comment: VALUE1 used once
VALUE2 00000014

Symbol: VALUE2
   Definitions
      At line 30 in file add-2-32-bit-numbers.s
   Uses
      At line 19 in file add-2-32-bit-numbers.s
Comment: VALUE2 used once
mycode 00000000

Symbol: mycode
   Definitions
      At line 12 in file add-2-32-bit-numbers.s
   Uses
      None
Comment: mycode unused
5 symbols



ARM Macro Assembler    Page 1 Alphabetic symbol ordering
Relocatable symbols

RESULT 00000000

Symbol: RESULT
   Definitions
      At line 33 in file add-2-32-bit-numbers.s
   Uses
      At line 22 in file add-2-32-bit-numbers.s
Comment: RESULT used once
data 00000000

Symbol: data
   Definitions
      At line 32 in file add-2-32-bit-numbers.s
   Uses
      None
Comment: data unused
2 symbols
342 symbols in table
