


ARM Macro Assembler    Page 1 


    1 00000000         ;Addition of First 10 Integers in Hexadecimal = 37h
    2 00000000         
    3 00000000                 AREA             RESET, DATA, READONLY
    4 00000000                 EXPORT           __Vectors
    5 00000000         
    6 00000000         __Vectors
    7 00000000 10001000        DCD              0x10001000  ; stack pointer val
                                                            ue when stack is em
                                                            pty
    8 00000004 00000000        DCD              Reset_Handler ; reset vector
    9 00000008         
   10 00000008                 ALIGN
   11 00000008                 AREA             mycode, CODE, READONLY
   12 00000000                 ENTRY
   13 00000000                 EXPORT           Reset_Handler
   14 00000000         
   15 00000000         Reset_Handler
   16 00000000 F04F 000A       MOV              R0, #10
   17 00000004 F04F 0100       MOV              R1, #0
   18 00000008 4401    LOOP    ADD              R1, R0
   19 0000000A 3801            SUBS             R0, #1
   20 0000000C D1FC            BNE              LOOP
   21 0000000E F04F 5080       LDR              R0, =0X10000000
   22 00000012 6001            STR              R1, [R0]
   23 00000014         
   24 00000014 BF00            NOP
   25 00000016                 END
Command Line: --debug --xref --cpu=Cortex-M3 --apcs=interwork --depend=.\add-he
xa-first-10-nums.d -o.\add-hexa-first-10-nums.o -IC:\Keil\ARM\RV31\INC -IC:\Kei
l\ARM\CMSIS\Include -IC:\Keil\ARM\Inc\NXP\LPC17xx --predefine="__EVAL SETA 1" -
-list=.\add-hexa-first-10-nums.lst add-hexa-first-10-nums.s



ARM Macro Assembler    Page 1 Alphabetic symbol ordering
Relocatable symbols

RESET 00000000

Symbol: RESET
   Definitions
      At line 3 in file add-hexa-first-10-nums.s
   Uses
      None
Comment: RESET unused
__Vectors 00000000

Symbol: __Vectors
   Definitions
      At line 6 in file add-hexa-first-10-nums.s
   Uses
      At line 4 in file add-hexa-first-10-nums.s
Comment: __Vectors used once
2 symbols



ARM Macro Assembler    Page 1 Alphabetic symbol ordering
Relocatable symbols

LOOP 00000008

Symbol: LOOP
   Definitions
      At line 18 in file add-hexa-first-10-nums.s
   Uses
      At line 20 in file add-hexa-first-10-nums.s
Comment: LOOP used once
Reset_Handler 00000000

Symbol: Reset_Handler
   Definitions
      At line 15 in file add-hexa-first-10-nums.s
   Uses
      At line 8 in file add-hexa-first-10-nums.s
      At line 13 in file add-hexa-first-10-nums.s

mycode 00000000

Symbol: mycode
   Definitions
      At line 11 in file add-hexa-first-10-nums.s
   Uses
      None
Comment: mycode unused
3 symbols
336 symbols in table
