


ARM Macro Assembler    Page 1 


    1 00000000         ; Addition Instructions
    2 00000000         
    3 00000000                 AREA             RESET, DATA, READONLY
    4 00000000                 EXPORT           __Vectors
    5 00000000         
    6 00000000         __Vectors
    7 00000000 100000FF        DCD              0x100000FF  ; stack pointer val
                                                            ue when stack is em
                                                            pty
    8 00000004 00000000        DCD              Reset_Handler ; reset vector
    9 00000008         
   10 00000008                 ALIGN
   11 00000008         
   12 00000008                 AREA             mycode, CODE, READONLY
   13 00000000                 EXPORT           Reset_Handler
   14 00000000                 ENTRY
   15 00000000         Reset_Handler
   16 00000000         
   17 00000000 F04F 30FF       LDR              R0, =0XFFFFFFFF
   18 00000004 F04F 1211       LDR              R2, =0X00110011
   19 00000008         
   20 00000008 EB00 0102       ADD              R1, R0, R2
   21 0000000C F102 0324       ADD              R3, R2, #36
   22 00000010         
   23 00000010         ;--------------------------------------
   24 00000010         
   25 00000010 F04F 34FF       LDR              R4, =0XFFFFFFFF
   26 00000014 F04F 1511       LDR              R5, =0X00110011
   27 00000018         
   28 00000018 442C            ADD              R4, R5
   29 0000001A F105 0524       ADD              R5, #36
   30 0000001E         
   31 0000001E         ;--------------------------------------
   32 0000001E         
   33 0000001E BF00            NOP
   34 00000020                 END
Command Line: --debug --xref --cpu=Cortex-M3 --apcs=interwork --depend=.\add-in
structions-1.d -o.\add-instructions-1.o -IC:\Keil\ARM\RV31\INC -IC:\Keil\ARM\CM
SIS\Include -IC:\Keil\ARM\Inc\NXP\LPC17xx --predefine="__EVAL SETA 1" --list=.\
add-instructions-1.lst add-instructions-1.s



ARM Macro Assembler    Page 1 Alphabetic symbol ordering
Relocatable symbols

RESET 00000000

Symbol: RESET
   Definitions
      At line 3 in file add-instructions-1.s
   Uses
      None
Comment: RESET unused
__Vectors 00000000

Symbol: __Vectors
   Definitions
      At line 6 in file add-instructions-1.s
   Uses
      At line 4 in file add-instructions-1.s
Comment: __Vectors used once
2 symbols



ARM Macro Assembler    Page 1 Alphabetic symbol ordering
Relocatable symbols

Reset_Handler 00000000

Symbol: Reset_Handler
   Definitions
      At line 15 in file add-instructions-1.s
   Uses
      At line 8 in file add-instructions-1.s
      At line 13 in file add-instructions-1.s

mycode 00000000

Symbol: mycode
   Definitions
      At line 12 in file add-instructions-1.s
   Uses
      None
Comment: mycode unused
2 symbols
335 symbols in table
