


ARM Macro Assembler    Page 1 


    1 00000000         ; Addition Instructions with Carry
    2 00000000         
    3 00000000                 AREA             RESET, DATA, READONLY
    4 00000000                 EXPORT           __Vectors
    5 00000000         
    6 00000000         __Vectors
    7 00000000 100000FF        DCD              0x100000FF  ; stack pointer val
                                                            ue when stack is em
                                                            pty
    8 00000004 00000000        DCD              Reset_Handler ; reset vector
    9 00000008         
   10 00000008                 ALIGN
   11 00000008         
   12 00000008                 AREA             mycode, CODE, READONLY
   13 00000000                 EXPORT           Reset_Handler
   14 00000000                 ENTRY
   15 00000000         Reset_Handler
   16 00000000         
   17 00000000 F04F 30FF       LDR              R0, =0XFFFFFFFF
   18 00000004 F04F 1211       LDR              R2, =0X00110011
   19 00000008         
   20 00000008         ; Below are used to move data between register and APSR
   21 00000008 F04F 5400       LDR              R4, =0X20000000 ; need to set 2
                                                            9th bit of xPSR to 
                                                            1
   22 0000000C F384 8803       MSR              xPSR, R4    ; Setting NZCV flag
                                                             to 1 in xPSR
   23 00000010         
   24 00000010 EB40 0102       ADC              R1, R0, R2  ; R1 = 00110011
   25 00000014 F142 0324       ADC              R3, R2, #36 ; (36)10 = (24)16; 
                                                            R3 = 0x00110036
   26 00000018         
   27 00000018         ;--------------------------------------
   28 00000018         
   29 00000018 F04F 34FF       LDR              R4, =0XFFFFFFFF
   30 0000001C F04F 1511       LDR              R5, =0X00110011
   31 00000020         
   32 00000020 EB44 0405       ADC              R4, R5
   33 00000024 F145 0524       ADC              R5, #36
   34 00000028         
   35 00000028         ;--------------------------------------
   36 00000028         
   37 00000028 F04F 38FF       LDR              R8, =0XFFFFFFFF
   38 0000002C F8DF 9014       LDR              R9, =0XF0110011
   39 00000030 EB58 0A09       ADCS             R10, R8, R9 ; N = 1 , V = 0 AS 
                                                            -VE -VE addition ye
                                                            ild -VE result only
                                                            
   40 00000034         
   41 00000034 F8DF 8010       LDR              R8, =0X7FFFFFFF
   42 00000038 F8DF 9010       LDR              R9, =0X70110011
   43 0000003C EB58 0A09       ADCS             R10, R8, R9 ; N = 1 , V = 1 AS 
                                                            -VE -VE addition ye
                                                            ild +VE result 
   44 00000040         ;so ween need to take 2's complement for proper result o
                       nly in case of signed operation
   45 00000040         
   46 00000040 BF00            NOP
   47 00000042                 END



ARM Macro Assembler    Page 2 


              00 00 F0110011 
              7FFFFFFF 
              70110011 
Command Line: --debug --xref --cpu=Cortex-M3 --apcs=interwork --depend=.\additi
on-instructions-with-carry-1.d -o.\addition-instructions-with-carry-1.o -IC:\Ke
il\ARM\RV31\INC -IC:\Keil\ARM\CMSIS\Include -IC:\Keil\ARM\Inc\NXP\LPC17xx --pre
define="__EVAL SETA 1" --list=.\addition-instructions-with-carry-1.lst addition
-instructions-with-carry-1.s



ARM Macro Assembler    Page 1 Alphabetic symbol ordering
Relocatable symbols

RESET 00000000

Symbol: RESET
   Definitions
      At line 3 in file addition-instructions-with-carry-1.s
   Uses
      None
Comment: RESET unused
__Vectors 00000000

Symbol: __Vectors
   Definitions
      At line 6 in file addition-instructions-with-carry-1.s
   Uses
      At line 4 in file addition-instructions-with-carry-1.s
Comment: __Vectors used once
2 symbols



ARM Macro Assembler    Page 1 Alphabetic symbol ordering
Relocatable symbols

Reset_Handler 00000000

Symbol: Reset_Handler
   Definitions
      At line 15 in file addition-instructions-with-carry-1.s
   Uses
      At line 8 in file addition-instructions-with-carry-1.s
      At line 13 in file addition-instructions-with-carry-1.s

mycode 00000000

Symbol: mycode
   Definitions
      At line 12 in file addition-instructions-with-carry-1.s
   Uses
      None
Comment: mycode unused
2 symbols
337 symbols in table
