


ARM Macro Assembler    Page 1 


    1 00000000                 AREA             BASIC, CODE, READONLY
    2 00000000                 ENTRY
    3 00000000         ;EXPORT _main
    4 00000000                 EXPORT           __Vectors
    5 00000000         
    6 00000000         __Vectors
    7 00000000 10001000        DCD              0x10001000  ; stack pointer val
                                                            ue when stack is em
                                                            pty
    8 00000004 00000000        DCD              Reset_Handler ; reset vector
    9 00000008         
   10 00000008         
   11 00000008         ;_main
   12 00000008         Reset_Handler
   13 00000008         
   14 00000008 F04F 5180       LDR              R1, =0X10000000
   15 0000000C 680A            LDR              R2, [R1]    ; CONDITION
   16 0000000E 684B            LDR              R3, [R1,#4] ;1ST NUMBER
   17 00000010 688C            LDR              R4, [R1,#8] ; 2ND NUMBER
   18 00000012         
   19 00000012 2A01            CMP              R2, #01
   20 00000014 D102            BNE              CHK_SUB
   21 00000016 EB03 0504       ADD              R5, R3, R4
   22 0000001A E010            B                LAST
   23 0000001C         
   24 0000001C         
   25 0000001C 2A02    CHK_SUB CMP              R2, #02
   26 0000001E D102            BNE              CHK_MUL
   27 00000020 EBA3 0504       SUB              R5, R3, R4
   28 00000024 E00B            B                LAST
   29 00000026         
   30 00000026 2A03    CHK_MUL CMP              R2, #03
   31 00000028 D102            BNE              CHK_DIV
   32 0000002A FB03 F504       MUL              R5, R3, R4
   33 0000002E E006            B                LAST
   34 00000030         
   35 00000030 2A04    CHK_DIV CMP              R2, #04
   36 00000032 D102            BNE              DEFULT
   37 00000034 FBB3 F5F4       UDIV             R5, R3, R4
   38 00000038 E001            B                LAST
   39 0000003A         
   40 0000003A F04F 0500 
                       DEFULT  MOV              R5, #0
   41 0000003E         
   42 0000003E 60CD    LAST    STR              R5, [R1, #0XC]
   43 00000040         
   44 00000040 BF00            NOP
   45 00000042                 END
Command Line: --debug --xref --cpu=Cortex-M3 --apcs=interwork --depend=.\additi
on-instructions-1.d -o.\addition-instructions-1.o -IC:\Keil\ARM\RV31\INC -IC:\K
eil\ARM\CMSIS\Include -IC:\Keil\ARM\Inc\NXP\LPC17xx --predefine="__EVAL SETA 1"
 --list=.\addition-instructions-1.lst addition-instructions-1.s



ARM Macro Assembler    Page 1 Alphabetic symbol ordering
Relocatable symbols

BASIC 00000000

Symbol: BASIC
   Definitions
      At line 1 in file addition-instructions-1.s
   Uses
      None
Comment: BASIC unused
CHK_DIV 00000030

Symbol: CHK_DIV
   Definitions
      At line 35 in file addition-instructions-1.s
   Uses
      At line 31 in file addition-instructions-1.s
Comment: CHK_DIV used once
CHK_MUL 00000026

Symbol: CHK_MUL
   Definitions
      At line 30 in file addition-instructions-1.s
   Uses
      At line 26 in file addition-instructions-1.s
Comment: CHK_MUL used once
CHK_SUB 0000001C

Symbol: CHK_SUB
   Definitions
      At line 25 in file addition-instructions-1.s
   Uses
      At line 20 in file addition-instructions-1.s
Comment: CHK_SUB used once
DEFULT 0000003A

Symbol: DEFULT
   Definitions
      At line 40 in file addition-instructions-1.s
   Uses
      At line 36 in file addition-instructions-1.s
Comment: DEFULT used once
LAST 0000003E

Symbol: LAST
   Definitions
      At line 42 in file addition-instructions-1.s
   Uses
      At line 22 in file addition-instructions-1.s
      At line 28 in file addition-instructions-1.s
      At line 33 in file addition-instructions-1.s
      At line 38 in file addition-instructions-1.s

Reset_Handler 00000008

Symbol: Reset_Handler
   Definitions
      At line 12 in file addition-instructions-1.s
   Uses
      At line 8 in file addition-instructions-1.s
Comment: Reset_Handler used once



ARM Macro Assembler    Page 2 Alphabetic symbol ordering
Relocatable symbols

__Vectors 00000000

Symbol: __Vectors
   Definitions
      At line 6 in file addition-instructions-1.s
   Uses
      At line 4 in file addition-instructions-1.s
Comment: __Vectors used once
8 symbols
339 symbols in table
