


ARM Macro Assembler    Page 1 


    1 00000000         ;Example to demonstarte Branch and Link Instruction ==> 
                       'BL' with condition
    2 00000000                 AREA             RESET, DATA, READONLY
    3 00000000                 EXPORT           __Vectors
    4 00000000         
    5 00000000         __Vectors
    6 00000000 10001000        DCD              0x10001000  ; stack pointer val
                                                            ue when stack is em
                                                            pty
    7 00000004 00000000        DCD              Reset_Handler ; reset vector
    8 00000008         
    9 00000008                 ALIGN
   10 00000008                 AREA             mycode, CODE, READONLY
   11 00000000                 ENTRY
   12 00000000                 EXPORT           Reset_Handler
   13 00000000         
   14 00000000         Reset_Handler
   15 00000000 F04F 0302       MOV              R3, #0X2    ; Moving Value 1
   16 00000004 F04F 0604       MOV              R6, #0X4    ; Moving Value 2
   17 00000008 F04F 0502       MOV              R5, #0X02   ;Moving count value
                                                            
   18 0000000C         
   19 0000000C 2A10            CMP              R2, #0X10   ; some operation 
   20 0000000E F000 F803       BL               Next        ; focus on link reg
                                                            ister now ir copies
                                                             the instruction ad
                                                            dress of EQ i.e, 0x
                                                            0000001B
   21 00000012 BF08 199A       ADDEQ            R2, R3, R6
   22 00000016 E002            B                Last
   23 00000018 EA05 0406 
                       Next    AND              R4, R5, R6
   24 0000001C         ;MOV PC, LR ; copies the content of LR to PC i.e, addres
                       s of EQ instruction 0x0000001B
   25 0000001C 4770            BX               LR
   26 0000001E         
   27 0000001E BF00    Last    NOP
   28 00000020                 END
Command Line: --debug --xref --cpu=Cortex-M3 --apcs=interwork --depend=.\branch
-istructions-b-bl-2.d -o.\branch-istructions-b-bl-2.o -IC:\Keil\ARM\RV31\INC -I
C:\Keil\ARM\CMSIS\Include -IC:\Keil\ARM\Inc\NXP\LPC17xx --predefine="__EVAL SET
A 1" --list=.\branch-istructions-b-bl-2.lst branch-istructions-B-BL-2.s



ARM Macro Assembler    Page 1 Alphabetic symbol ordering
Relocatable symbols

RESET 00000000

Symbol: RESET
   Definitions
      At line 2 in file branch-istructions-B-BL-2.s
   Uses
      None
Comment: RESET unused
__Vectors 00000000

Symbol: __Vectors
   Definitions
      At line 5 in file branch-istructions-B-BL-2.s
   Uses
      At line 3 in file branch-istructions-B-BL-2.s
Comment: __Vectors used once
2 symbols



ARM Macro Assembler    Page 1 Alphabetic symbol ordering
Relocatable symbols

Last 0000001E

Symbol: Last
   Definitions
      At line 27 in file branch-istructions-B-BL-2.s
   Uses
      At line 22 in file branch-istructions-B-BL-2.s
Comment: Last used once
Next 00000018

Symbol: Next
   Definitions
      At line 23 in file branch-istructions-B-BL-2.s
   Uses
      At line 20 in file branch-istructions-B-BL-2.s
Comment: Next used once
Reset_Handler 00000000

Symbol: Reset_Handler
   Definitions
      At line 14 in file branch-istructions-B-BL-2.s
   Uses
      At line 7 in file branch-istructions-B-BL-2.s
      At line 12 in file branch-istructions-B-BL-2.s

mycode 00000000

Symbol: mycode
   Definitions
      At line 10 in file branch-istructions-B-BL-2.s
   Uses
      None
Comment: mycode unused
4 symbols
337 symbols in table
