


ARM Macro Assembler    Page 1 


    1 00000000         ;Fibonacci Series of N Numbers
    2 00000000         
    3 00000000                 AREA             RESET, DATA, READONLY
    4 00000000                 EXPORT           __Vectors
    5 00000000         
    6 00000000         __Vectors
    7 00000000 10001000        DCD              0x10001000  ; stack pointer val
                                                            ue when stack is em
                                                            pty
    8 00000004 00000000        DCD              Reset_Handler ; reset vector
    9 00000008         
   10 00000008                 ALIGN
   11 00000008                 AREA             mycode, CODE, READONLY
   12 00000000                 ENTRY
   13 00000000                 EXPORT           Reset_Handler
   14 00000000         
   15 00000000         Reset_Handler
   16 00000000         ;LDR R0, =0X10000000 ; Memory location
   17 00000000 4808            LDR              R0, =SRC    ; Memory location
   18 00000002 F04F 0504       MOV              R5, #NUM    ; Number of Add Ope
                                                            ration
   19 00000006         
   20 00000006 6801    LP      LDR              R1, [R0]    ; Load 1st num to R
                                                            1
   21 00000008 6842            LDR              R2, [R0, #4] ; Load 1st num to 
                                                            R1
   22 0000000A EB01 0302       ADD              R3, R1, R2
   23 0000000E 6083            STR              R3, [R0, #8]
   24 00000010         
   25 00000010 F100 0004       ADD              R0, R0, #4
   26 00000014 3D01            SUBS             R5, #01
   27 00000016 D1F6            BNE              LP
   28 00000018         
   29 00000018         
   30 00000018 00000004 
                       NUM     EQU              4
   31 00000018 00000000 
              00000001 SRC     DCD              0,1
   32 00000020         
   33 00000020 BF00            NOP
   34 00000022                 END
              00 00 00000000 
Command Line: --debug --xref --cpu=Cortex-M3 --apcs=interwork --depend=.\fibona
cci-series-n-numbers.d -o.\fibonacci-series-n-numbers.o -IC:\Keil\ARM\RV31\INC 
-IC:\Keil\ARM\CMSIS\Include -IC:\Keil\ARM\Inc\NXP\LPC17xx --predefine="__EVAL S
ETA 1" --list=.\fibonacci-series-n-numbers.lst Fibonacci-Series-N-Numbers.s



ARM Macro Assembler    Page 1 Alphabetic symbol ordering
Relocatable symbols

RESET 00000000

Symbol: RESET
   Definitions
      At line 3 in file Fibonacci-Series-N-Numbers.s
   Uses
      None
Comment: RESET unused
__Vectors 00000000

Symbol: __Vectors
   Definitions
      At line 6 in file Fibonacci-Series-N-Numbers.s
   Uses
      At line 4 in file Fibonacci-Series-N-Numbers.s
Comment: __Vectors used once
2 symbols



ARM Macro Assembler    Page 1 Alphabetic symbol ordering
Relocatable symbols

LP 00000006

Symbol: LP
   Definitions
      At line 20 in file Fibonacci-Series-N-Numbers.s
   Uses
      At line 27 in file Fibonacci-Series-N-Numbers.s
Comment: LP used once
Reset_Handler 00000000

Symbol: Reset_Handler
   Definitions
      At line 15 in file Fibonacci-Series-N-Numbers.s
   Uses
      At line 8 in file Fibonacci-Series-N-Numbers.s
      At line 13 in file Fibonacci-Series-N-Numbers.s

SRC 00000018

Symbol: SRC
   Definitions
      At line 31 in file Fibonacci-Series-N-Numbers.s
   Uses
      At line 17 in file Fibonacci-Series-N-Numbers.s
Comment: SRC used once
mycode 00000000

Symbol: mycode
   Definitions
      At line 11 in file Fibonacci-Series-N-Numbers.s
   Uses
      None
Comment: mycode unused
4 symbols



ARM Macro Assembler    Page 1 Alphabetic symbol ordering
Absolute symbols

NUM 00000004

Symbol: NUM
   Definitions
      At line 30 in file Fibonacci-Series-N-Numbers.s
   Uses
      At line 18 in file Fibonacci-Series-N-Numbers.s
Comment: NUM used once
1 symbol
340 symbols in table
