


ARM Macro Assembler    Page 1 


    1 00000000                 AREA             RESET, DATA, READONLY
    2 00000000                 EXPORT           __Vectors
    3 00000000         
    4 00000000         __Vectors
    5 00000000 10001000        DCD              0x10001000  ; stack pointer val
                                                            ue when stack is em
                                                            pty
    6 00000004 00000000        DCD              Reset_Handler ; reset vector
    7 00000008         
    8 00000008                 ALIGN
    9 00000008                 AREA             endian, CODE, READONLY
   10 00000000                 ENTRY
   11 00000000                 EXPORT           Reset_Handler
   12 00000000         
   13 00000000         Reset_Handler
   14 00000000         ;---------------------- Word ---------------------------
                       ----------------------------
   15 00000000 F04F 5080       LDR              R0, =0X10000000 ; memort locati
                                                            on in RAM pointed b
                                                            y R0 (immediate val
                                                            ue)
   16 00000004 4908            LDR              R1, =0X11223344 ; Value to be s
                                                            tore in Memory
   17 00000006 6001            STR              R1, [R0]    ; Check the memory 
                                                            location 0X10000000
                                                             to 0X10000003
   18 00000008         ;-------------------------------------------------------
                       ----------------------------
   19 00000008         
   20 00000008         ;---------------------- Half Word ----------------------
                       ---------------------------------
   21 00000008 4B08            LDR              R3, =0X10000004 ; memort locati
                                                            on in RAM pointed b
                                                            y R0 (immediate val
                                                            ue)
   22 0000000A F44F 6451       MOV              R4, #3344   ; Value to be store
                                                             in Memory
   23 0000000E 801C            STRH             R4, [R3]    ; Check the memory 
                                                            location 0X10000000
                                                             to 0X10000003
   24 00000010         ;-------------------------------------------------------
                       ----------------------------
   25 00000010         
   26 00000010         ;---------------------- Byte ---------------------------
                       ----------------------------
   27 00000010 4E07            LDR              R6, =0X10000008 ; memort locati
                                                            on in RAM pointed b
                                                            y R0 (immediate val
                                                            ue)
   28 00000012 F04F 0744       MOV              R7, #0X44   ; Value to be store
                                                             in Memory
   29 00000016 7037            STRB             R7, [R6]    ; Check the memory 
                                                            location 0X10000000
                                                             to 0X10000003
   30 00000018         ;-------------------------------------------------------
                       ----------------------------
   31 00000018         
   32 00000018         ;----------------------Signed Byte ---------------------
                       ----------------------------------



ARM Macro Assembler    Page 2 


   33 00000018 F8DF 9018       LDR              R9, =0X1000000C ; memort locati
                                                            on in RAM pointed b
                                                            y R0 (immediate val
                                                            ue)
   34 0000001C F04F 0A44       MOV              R10, #0X44  ; Value to be store
                                                             in Memory
   35 00000020 F889 A000       STRB             R10, [R9]   ; Check the memory 
                                                            location 0X10000000
                                                             to 0X10000003
   36 00000024         ;-------------------------------------------------------
                       ----------------------------
   37 00000024         
   38 00000024 BF00            NOP
   39 00000026                 END
              00 00 11223344 
              10000004 
              10000008 
              1000000C 
Command Line: --debug --xref --cpu=Cortex-M3 --apcs=interwork --depend=.\load-s
tore-single-register-1.d -o.\load-store-single-register-1.o -IC:\Keil\ARM\RV31\
INC -IC:\Keil\ARM\CMSIS\Include -IC:\Keil\ARM\Inc\NXP\LPC17xx --predefine="__EV
AL SETA 1" --list=.\load-store-single-register-1.lst load-store-single-register
-1.s



ARM Macro Assembler    Page 1 Alphabetic symbol ordering
Relocatable symbols

RESET 00000000

Symbol: RESET
   Definitions
      At line 1 in file load-store-single-register-1.s
   Uses
      None
Comment: RESET unused
__Vectors 00000000

Symbol: __Vectors
   Definitions
      At line 4 in file load-store-single-register-1.s
   Uses
      At line 2 in file load-store-single-register-1.s
Comment: __Vectors used once
2 symbols



ARM Macro Assembler    Page 1 Alphabetic symbol ordering
Relocatable symbols

Reset_Handler 00000000

Symbol: Reset_Handler
   Definitions
      At line 13 in file load-store-single-register-1.s
   Uses
      At line 6 in file load-store-single-register-1.s
      At line 11 in file load-store-single-register-1.s

endian 00000000

Symbol: endian
   Definitions
      At line 9 in file load-store-single-register-1.s
   Uses
      None
Comment: endian unused
2 symbols
337 symbols in table
