


ARM Macro Assembler    Page 1 


    1 00000000                 AREA             RESET, DATA, READONLY
    2 00000000                 EXPORT           __Vectors
    3 00000000         
    4 00000000         __Vectors
    5 00000000 10001000        DCD              0x10001000  ; stack pointer val
                                                            ue when stack is em
                                                            pty
    6 00000004 00000000        DCD              Reset_Handler ; reset vector
    7 00000008         
    8 00000008                 ALIGN
    9 00000008                 AREA             mycode, CODE, READONLY
   10 00000000                 ENTRY
   11 00000000                 EXPORT           Reset_Handler
   12 00000000         
   13 00000000         Reset_Handler
   14 00000000 F04F 2010       LDR              R0, =0X10001000 ; memort locati
                                                            on in RAM pointed b
                                                            y R0 (immediate val
                                                            ue)
   15 00000004         ;LDM     R0, {R1, R2, R3, R4, R5, R6, R7, R8}
   16 00000004 E890 01FE       LDM              R0, {R1-R8}
   17 00000008         ;LDM     R0, {R6, R1, R2, R4, R5, R3, R8, R7}  
   18 00000008 E880 1FF0       STM              R0, {R4-R12}
   19 0000000C BF00            NOP
   20 0000000E                 END
Command Line: --debug --xref --cpu=Cortex-M3 --apcs=interwork --depend=.\load-s
tore-4.d -o.\load-store-4.o -IC:\Keil\ARM\RV31\INC -IC:\Keil\ARM\CMSIS\Include 
-IC:\Keil\ARM\Inc\NXP\LPC17xx --predefine="__EVAL SETA 1" --list=.\load-store-4
.lst load-store-4.s



ARM Macro Assembler    Page 1 Alphabetic symbol ordering
Relocatable symbols

RESET 00000000

Symbol: RESET
   Definitions
      At line 1 in file load-store-4.s
   Uses
      None
Comment: RESET unused
__Vectors 00000000

Symbol: __Vectors
   Definitions
      At line 4 in file load-store-4.s
   Uses
      At line 2 in file load-store-4.s
Comment: __Vectors used once
2 symbols



ARM Macro Assembler    Page 1 Alphabetic symbol ordering
Relocatable symbols

Reset_Handler 00000000

Symbol: Reset_Handler
   Definitions
      At line 13 in file load-store-4.s
   Uses
      At line 6 in file load-store-4.s
      At line 11 in file load-store-4.s

mycode 00000000

Symbol: mycode
   Definitions
      At line 9 in file load-store-4.s
   Uses
      None
Comment: mycode unused
2 symbols
335 symbols in table
