


ARM Macro Assembler    Page 1 


    1 00000000         ; Program to perform subtraction
    2 00000000         
    3 00000000                 AREA             RESET, DATA, READONLY
    4 00000000                 EXPORT           __Vectors
    5 00000000         
    6 00000000         __Vectors
    7 00000000 10001000        DCD              0x10001000  ; stack pointer val
                                                            ue when stack is em
                                                            pty
    8 00000004 00000000        DCD              Reset_Handler ; reset vector
    9 00000008         
   10 00000008                 ALIGN
   11 00000008                 AREA             mycode, CODE, READONLY
   12 00000000                 ENTRY
   13 00000000                 EXPORT           Reset_Handler
   14 00000000         
   15 00000000         Reset_Handler
   16 00000000         
   17 00000000         
   18 00000000 4806            LDR              R0, =SRC
   19 00000002 4907            LDR              R1, =DST
   20 00000004 F04F 020A       MOV              R2, #NUM
   21 00000008 6803            LDR              R3, [R0]
   22 0000000A 600B            STR              R3,[R1]
   23 0000000C         STOP
   24 0000000C E7FE            B                STOP
   25 0000000E         
   26 0000000E 0000000A 
                       NUM     EQU              10
   27 0000000E 00 00 00000008 
              00000002 
              00000003 SRC     DCD              8,2,3
   28 0000001C 00000000 
              00000000         AREA             DATASEG, DATA, READWRITE
   29 00000000         
   30 00000000 00000000 
              00000000 
              00000000 DST     DCD              0,0,0
   31 0000000C         
   32 0000000C                 END
Command Line: --debug --xref --cpu=Cortex-M3 --apcs=interwork --depend=.\load-s
tore-6-sk.d -o.\load-store-6-sk.o -IC:\Keil\ARM\RV31\INC -IC:\Keil\ARM\CMSIS\In
clude -IC:\Keil\ARM\Inc\NXP\LPC17xx --predefine="__EVAL SETA 1" --list=.\load-s
tore-6-sk.lst load-store-6-sk.s



ARM Macro Assembler    Page 1 Alphabetic symbol ordering
Relocatable symbols

RESET 00000000

Symbol: RESET
   Definitions
      At line 3 in file load-store-6-sk.s
   Uses
      None
Comment: RESET unused
__Vectors 00000000

Symbol: __Vectors
   Definitions
      At line 6 in file load-store-6-sk.s
   Uses
      At line 4 in file load-store-6-sk.s
Comment: __Vectors used once
2 symbols



ARM Macro Assembler    Page 1 Alphabetic symbol ordering
Relocatable symbols

Reset_Handler 00000000

Symbol: Reset_Handler
   Definitions
      At line 15 in file load-store-6-sk.s
   Uses
      At line 8 in file load-store-6-sk.s
      At line 13 in file load-store-6-sk.s

SRC 00000010

Symbol: SRC
   Definitions
      At line 27 in file load-store-6-sk.s
   Uses
      At line 18 in file load-store-6-sk.s
Comment: SRC used once
STOP 0000000C

Symbol: STOP
   Definitions
      At line 23 in file load-store-6-sk.s
   Uses
      At line 24 in file load-store-6-sk.s
Comment: STOP used once
mycode 00000000

Symbol: mycode
   Definitions
      At line 11 in file load-store-6-sk.s
   Uses
      None
Comment: mycode unused
4 symbols



ARM Macro Assembler    Page 1 Alphabetic symbol ordering
Relocatable symbols

DATASEG 00000000

Symbol: DATASEG
   Definitions
      At line 28 in file load-store-6-sk.s
   Uses
      None
Comment: DATASEG unused
DST 00000000

Symbol: DST
   Definitions
      At line 30 in file load-store-6-sk.s
   Uses
      At line 19 in file load-store-6-sk.s
Comment: DST used once
2 symbols



ARM Macro Assembler    Page 1 Alphabetic symbol ordering
Absolute symbols

NUM 0000000A

Symbol: NUM
   Definitions
      At line 26 in file load-store-6-sk.s
   Uses
      At line 20 in file load-store-6-sk.s
Comment: NUM used once
1 symbol
342 symbols in table
