


ARM Macro Assembler    Page 1 


    1 00000000         ; Shift Instructions: ROR
    2 00000000         ; Flags are not affected 
    3 00000000         ; Use 'S' Suffix to update teh flag
    4 00000000         
    5 00000000                 AREA             RESET, DATA, READONLY
    6 00000000                 EXPORT           __Vectors
    7 00000000         
    8 00000000         __Vectors
    9 00000000 10001000        DCD              0x10001000  ; stack pointer val
                                                            ue when stack is em
                                                            pty
   10 00000004 00000000        DCD              Reset_Handler ; reset vector
   11 00000008         
   12 00000008                 ALIGN
   13 00000008                 AREA             mycode, CODE, READONLY
   14 00000000                 ENTRY
   15 00000000                 EXPORT           Reset_Handler
   16 00000000         
   17 00000000         Reset_Handler
   18 00000000 4A01            LDR              R2, =0x923456AF
   19 00000002         
   20 00000002         ; Arithmetic Shift Right by 5 Bits
   21 00000002         ; R2 = Unchanged and 
   22 00000002         ; R0  = [R2] Shifted by 5 bits Right, extending sign bit
                       
   23 00000002 EA4F 0032       MOV              R0, R2, RRX
   24 00000006         
   25 00000006         ; Guess the output, 4-bits means 1 digit
   26 00000006         ;What will happen when we execute below Instructions
   27 00000006         ;LDR R1, =0x81223344
   28 00000006         ;MOV R6, R1, RRX #4
   29 00000006         ;MOV R7, R1, RRX #8
   30 00000006         ;MOVS R8, R1, RRX #16
   31 00000006         
   32 00000006 BF00            NOP
   33 00000008                 END
              923456AF 
Command Line: --debug --xref --cpu=Cortex-M3 --apcs=interwork --depend=.\rotate
-instructons-rrx.d -o.\rotate-instructons-rrx.o -IC:\Keil\ARM\RV31\INC -IC:\Kei
l\ARM\CMSIS\Include -IC:\Keil\ARM\Inc\NXP\LPC17xx --predefine="__EVAL SETA 1" -
-list=.\rotate-instructons-rrx.lst rotate-instructons-rrx.s



ARM Macro Assembler    Page 1 Alphabetic symbol ordering
Relocatable symbols

RESET 00000000

Symbol: RESET
   Definitions
      At line 5 in file rotate-instructons-rrx.s
   Uses
      None
Comment: RESET unused
__Vectors 00000000

Symbol: __Vectors
   Definitions
      At line 8 in file rotate-instructons-rrx.s
   Uses
      At line 6 in file rotate-instructons-rrx.s
Comment: __Vectors used once
2 symbols



ARM Macro Assembler    Page 1 Alphabetic symbol ordering
Relocatable symbols

Reset_Handler 00000000

Symbol: Reset_Handler
   Definitions
      At line 17 in file rotate-instructons-rrx.s
   Uses
      At line 10 in file rotate-instructons-rrx.s
      At line 15 in file rotate-instructons-rrx.s

mycode 00000000

Symbol: mycode
   Definitions
      At line 13 in file rotate-instructons-rrx.s
   Uses
      None
Comment: mycode unused
2 symbols
337 symbols in table
