


ARM Macro Assembler    Page 1 


    1 00000000                 AREA             RESET, DATA, READONLY
    2 00000000                 EXPORT           __Vectors
    3 00000000         
    4 00000000         __Vectors
    5 00000000 10001000        DCD              0x10001000  ; stack pointer val
                                                            ue when stack is em
                                                            pty
    6 00000004 00000000        DCD              Reset_Handler ; reset vector
    7 00000008         
    8 00000008                 ALIGN
    9 00000008                 AREA             AModes, CODE, READONLY
   10 00000000                 ENTRY
   11 00000000                 EXPORT           Reset_Handler
   12 00000000         
   13 00000000         Reset_Handler
   14 00000000 F04F 0001       MOV              R0, #0X01
   15 00000004 B401            PUSH             {R0}        ; 1000 0FFC
   16 00000006 F04F 0102       MOV              R1, #0X02
   17 0000000A B402            PUSH             {R1}        ; 1000 0FF8
   18 0000000C F04F 0203       MOV              R2, #0X03
   19 00000010 B404            PUSH             {R2}        ; 1000 0FF4
   20 00000012 F04F 0304       MOV              R3, #0X04
   21 00000016 B410            PUSH             {R4}        ; 1000 0FF0
   22 00000018 F04F 0405       MOV              R4, #0X05
   23 0000001C B410            PUSH             {R4}        ; 1000 0FEC and
   24 0000001E         
   25 0000001E         ;PUSH {R0, R1, R2, R3, R4}
   26 0000001E BCC0            POP              {R6, R7}
   27 00000020         
   28 00000020 BF00            NOP
   29 00000022                 END
Command Line: --debug --xref --cpu=Cortex-M3 --apcs=interwork --depend=.\stack-
operations.d -o.\stack-operations.o -IC:\Keil\ARM\RV31\INC -IC:\Keil\ARM\CMSIS\
Include -IC:\Keil\ARM\Inc\NXP\LPC17xx --predefine="__EVAL SETA 1" --list=.\stac
k-operations.lst stack-operations.s



ARM Macro Assembler    Page 1 Alphabetic symbol ordering
Relocatable symbols

RESET 00000000

Symbol: RESET
   Definitions
      At line 1 in file stack-operations.s
   Uses
      None
Comment: RESET unused
__Vectors 00000000

Symbol: __Vectors
   Definitions
      At line 4 in file stack-operations.s
   Uses
      At line 2 in file stack-operations.s
Comment: __Vectors used once
2 symbols



ARM Macro Assembler    Page 1 Alphabetic symbol ordering
Relocatable symbols

AModes 00000000

Symbol: AModes
   Definitions
      At line 9 in file stack-operations.s
   Uses
      None
Comment: AModes unused
Reset_Handler 00000000

Symbol: Reset_Handler
   Definitions
      At line 13 in file stack-operations.s
   Uses
      At line 6 in file stack-operations.s
      At line 11 in file stack-operations.s

2 symbols
335 symbols in table
