


ARM Macro Assembler    Page 1 


    1 00000000         ; Program to perform reverse subtraction
    2 00000000         
    3 00000000                 AREA             RESET, DATA, READONLY
    4 00000000                 EXPORT           __Vectors
    5 00000000         
    6 00000000         __Vectors
    7 00000000 10001000        DCD              0x10001000  ; stack pointer val
                                                            ue when stack is em
                                                            pty
    8 00000004 00000000        DCD              Reset_Handler ; reset vector
    9 00000008         
   10 00000008                 ALIGN
   11 00000008                 AREA             mycode, CODE, READONLY
   12 00000000                 ENTRY
   13 00000000                 EXPORT           Reset_Handler
   14 00000000         
   15 00000000         Reset_Handler
   16 00000000 F04F 0002       MOV              R0, #0X2
   17 00000004 F04F 0108       MOV              R1, #0X8
   18 00000008 EBC0 0201       RSB              R2, R0, R1  ; R2 = 0X6
   19 0000000C F1C0 0308       RSB              R3, R0, #0X8 ; R2 = 0X6
   20 00000010         
   21 00000010 F04F 0008       MOV              R0, #0X8
   22 00000014 F04F 0102       MOV              R1, #0X2
   23 00000018 EBC0 0401       RSB              R4, R0, R1  ; R4 = 0XFFFFFFFA
   24 0000001C         
   25 0000001C BF00            NOP
   26 0000001E                 END
Command Line: --debug --xref --cpu=Cortex-M3 --apcs=interwork --depend=.\subtra
ction-2-rsb-ppt-28.d -o.\subtraction-2-rsb-ppt-28.o -IC:\Keil\ARM\RV31\INC -IC:
\Keil\ARM\CMSIS\Include -IC:\Keil\ARM\Inc\NXP\LPC17xx --predefine="__EVAL SETA 
1" --list=.\subtraction-2-rsb-ppt-28.lst subtraction-2-rsb-ppt-28.s



ARM Macro Assembler    Page 1 Alphabetic symbol ordering
Relocatable symbols

RESET 00000000

Symbol: RESET
   Definitions
      At line 3 in file subtraction-2-rsb-ppt-28.s
   Uses
      None
Comment: RESET unused
__Vectors 00000000

Symbol: __Vectors
   Definitions
      At line 6 in file subtraction-2-rsb-ppt-28.s
   Uses
      At line 4 in file subtraction-2-rsb-ppt-28.s
Comment: __Vectors used once
2 symbols



ARM Macro Assembler    Page 1 Alphabetic symbol ordering
Relocatable symbols

Reset_Handler 00000000

Symbol: Reset_Handler
   Definitions
      At line 15 in file subtraction-2-rsb-ppt-28.s
   Uses
      At line 8 in file subtraction-2-rsb-ppt-28.s
      At line 13 in file subtraction-2-rsb-ppt-28.s

mycode 00000000

Symbol: mycode
   Definitions
      At line 11 in file subtraction-2-rsb-ppt-28.s
   Uses
      None
Comment: mycode unused
2 symbols
335 symbols in table
