


ARM Macro Assembler    Page 1 


    1 00000000         ; Program to perform subtraction
    2 00000000         
    3 00000000                 AREA             RESET, DATA, READONLY
    4 00000000                 EXPORT           __Vectors
    5 00000000         
    6 00000000         __Vectors
    7 00000000 10001000        DCD              0x10001000  ; stack pointer val
                                                            ue when stack is em
                                                            pty
    8 00000004 00000000        DCD              Reset_Handler ; reset vector
    9 00000008         
   10 00000008                 ALIGN
   11 00000008                 AREA             mycode, CODE, READONLY
   12 00000000                 ENTRY
   13 00000000                 EXPORT           Reset_Handler
   14 00000000         
   15 00000000         Reset_Handler
   16 00000000 F241 2034       MOV              R0, #0X1234
   17 00000004 F241 1111       MOV              R1, #0X1111
   18 00000008 EBA0 0201       SUB              R2, R0, R1  ; R2 = R0 -R1
   19 0000000C F2A0 1311       SUB              R3, R0, #0X111 
                                                            ; R3 = R0 - #0X111
   20 00000010 4281            CMP              R1, R0      ; R0 > R1 => CY = 1
                                                            
   21 00000012 EB60 0401       SBC              R4, R0, R1  ;
   22 00000016 F160 0511       SBC              R5, R0, #0X11 ; 
   23 0000001A         
   24 0000001A BF00            NOP
   25 0000001C                 END
Command Line: --debug --xref --cpu=Cortex-M3 --apcs=interwork --depend=.\subtra
ction-ppt-24.d -o.\subtraction-ppt-24.o -IC:\Keil\ARM\RV31\INC -IC:\Keil\ARM\CM
SIS\Include -IC:\Keil\ARM\Inc\NXP\LPC17xx --predefine="__EVAL SETA 1" --list=.\
subtraction-ppt-24.lst subtraction-ppt-24.s



ARM Macro Assembler    Page 1 Alphabetic symbol ordering
Relocatable symbols

RESET 00000000

Symbol: RESET
   Definitions
      At line 3 in file subtraction-ppt-24.s
   Uses
      None
Comment: RESET unused
__Vectors 00000000

Symbol: __Vectors
   Definitions
      At line 6 in file subtraction-ppt-24.s
   Uses
      At line 4 in file subtraction-ppt-24.s
Comment: __Vectors used once
2 symbols



ARM Macro Assembler    Page 1 Alphabetic symbol ordering
Relocatable symbols

Reset_Handler 00000000

Symbol: Reset_Handler
   Definitions
      At line 15 in file subtraction-ppt-24.s
   Uses
      At line 8 in file subtraction-ppt-24.s
      At line 13 in file subtraction-ppt-24.s

mycode 00000000

Symbol: mycode
   Definitions
      At line 11 in file subtraction-ppt-24.s
   Uses
      None
Comment: mycode unused
2 symbols
335 symbols in table
