


ARM Macro Assembler    Page 1 


    1 00000000         ; Program to perform subtraction
    2 00000000         
    3 00000000                 AREA             RESET, DATA, READONLY
    4 00000000                 EXPORT           __Vectors
    5 00000000         
    6 00000000         __Vectors
    7 00000000 10001000        DCD              0x10001000  ; stack pointer val
                                                            ue when stack is em
                                                            pty
    8 00000004 00000000        DCD              Reset_Handler ; reset vector
    9 00000008         
   10 00000008                 ALIGN
   11 00000008                 AREA             mycode, CODE, READONLY
   12 00000000                 ENTRY
   13 00000000                 EXPORT           Reset_Handler
   14 00000000         
   15 00000000         Reset_Handler
   16 00000000         ; CONDITION FOR CARRY FLAG TO SET (Bigger - Smaller)
   17 00000000         ;MOV R0, #0X1234
   18 00000000         ;MOV R1, #0X1111
   19 00000000         
   20 00000000         ; CONDITION FOR CARRY FLAG TO RESET (Smaller - Bigger)
   21 00000000 F241 1011       MOV              R0, #0X1111
   22 00000004 F241 2134       MOV              R1, #0X1234
   23 00000008         
   24 00000008         ; 'S' WILL UPDATE THE CARRY FLAG
   25 00000008         
   26 00000008         ; SUB R2, R0, R1 ; R2 = R0 -R1
   27 00000008 1A42            SUBS             R2, R0, R1  ; R2 = R0 -R1 AND U
                                                            DPATE 'C' FLAG IN x
                                                            PSR
   28 0000000A         ;SBC R4, R0, R1  ; R4 = R0 -R1 - 1 + C
   29 0000000A         ;RSB R3, R0, R1   ; R3 = R1 - R0
   30 0000000A         ;RSC R5, R0, R1   ; R5 = R0 -R1 - 1 + C
   31 0000000A         
   32 0000000A         
   33 0000000A BF00            NOP
   34 0000000C                 END
Command Line: --debug --xref --cpu=Cortex-M3 --apcs=interwork --depend=.\subtra
ction-1.d -o.\subtraction-1.o -IC:\Keil\ARM\RV31\INC -IC:\Keil\ARM\CMSIS\Includ
e -IC:\Keil\ARM\Inc\NXP\LPC17xx --predefine="__EVAL SETA 1" --list=.\subtractio
n-1.lst subtraction-1.s



ARM Macro Assembler    Page 1 Alphabetic symbol ordering
Relocatable symbols

RESET 00000000

Symbol: RESET
   Definitions
      At line 3 in file subtraction-1.s
   Uses
      None
Comment: RESET unused
__Vectors 00000000

Symbol: __Vectors
   Definitions
      At line 6 in file subtraction-1.s
   Uses
      At line 4 in file subtraction-1.s
Comment: __Vectors used once
2 symbols



ARM Macro Assembler    Page 1 Alphabetic symbol ordering
Relocatable symbols

Reset_Handler 00000000

Symbol: Reset_Handler
   Definitions
      At line 15 in file subtraction-1.s
   Uses
      At line 8 in file subtraction-1.s
      At line 13 in file subtraction-1.s

mycode 00000000

Symbol: mycode
   Definitions
      At line 11 in file subtraction-1.s
   Uses
      None
Comment: mycode unused
2 symbols
335 symbols in table
